[2024-06-17 19:43:40] Script iniciado
[2024-06-17 19:43:40] No POST request received or jsonObj not set
[2024-06-17 19:44:57] Script iniciado
[2024-06-17 19:44:57] No POST request received or jsonObj not set
[2024-06-17 19:47:53] Script iniciado
[2024-06-17 19:47:53] POST request received with jsonObj
[2024-06-17 19:47:53] Generated filename: Backup/Backup-17-6-2024-19_47_53.json
[2024-06-17 19:47:53] File written successfully: Backup/Backup-17-6-2024-19_47_53.json
[2024-06-17 19:48:28] Script iniciado
[2024-06-17 19:48:28] POST request received with jsonObj
[2024-06-17 19:48:28] Generated filename: Backup/Backup-17-6-2024-19_48_28.json
[2024-06-17 19:48:28] File written successfully: Backup/Backup-17-6-2024-19_48_28.json
[2024-06-17 20:29:29] Script iniciado
[2024-06-17 20:29:29] POST request received with jsonObj
[2024-06-17 20:29:29] Generated filename: Backup/Backup-17-6-2024-20_29_29.json
[2024-06-17 20:29:29] File written successfully: Backup/Backup-17-6-2024-20_29_29.json
[2024-06-17 20:30:01] Script iniciado
[2024-06-17 20:30:01] POST request received with jsonObj
[2024-06-17 20:30:01] Generated filename: Backup/Backup-17-6-2024-20_30_1.json
[2024-06-17 20:30:01] File written successfully: Backup/Backup-17-6-2024-20_30_1.json
[2024-06-17 20:37:24] Script iniciado
[2024-06-17 20:37:24] POST request received with jsonObj
[2024-06-17 20:37:24] Generated filename: Backup/Backup-17-6-2024-20_37_24.json
[2024-06-17 20:37:24] File written successfully: Backup/Backup-17-6-2024-20_37_24.json
[2024-06-17 20:38:01] Script iniciado
[2024-06-17 20:38:01] POST request received with jsonObj
[2024-06-17 20:38:01] Generated filename: Backup/Backup-17-6-2024-20_38_1.json
[2024-06-17 20:38:01] File written successfully: Backup/Backup-17-6-2024-20_38_1.json
[2024-06-17 20:57:19] Script iniciado
[2024-06-17 20:57:19] POST request received with jsonObj
[2024-06-17 20:57:19] Generated filename: Backup/Backup-17-6-2024-20_57_19.json
[2024-06-17 20:57:19] File written successfully: Backup/Backup-17-6-2024-20_57_19.json
[2024-06-17 22:53:33] Script iniciado
[2024-06-17 22:53:33] POST request received with jsonObj
[2024-06-17 22:53:33] Generated filename: Backup/Backup-17-6-2024-22_53_33.json
[2024-06-17 22:53:33] File written successfully: Backup/Backup-17-6-2024-22_53_33.json
[2024-06-17 23:39:14] Script iniciado
[2024-06-17 23:39:14] POST request received with jsonObj
[2024-06-17 23:39:14] Generated filename: Backup/Backup-17-6-2024-23_39_14.json
[2024-06-17 23:39:14] File written successfully: Backup/Backup-17-6-2024-23_39_14.json
